\BOOKMARK [1][-]{section.1}{Introduction}{}% 1
\BOOKMARK [1][-]{section.2}{Background}{}% 2
\BOOKMARK [2][-]{subsection.2.1}{Existing Solutions}{section.2}% 3
\BOOKMARK [2][-]{subsection.2.2}{Literature Review}{section.2}% 4
\BOOKMARK [3][-]{subsubsection.2.2.1}{Merge Join Review}{subsection.2.2}% 5
\BOOKMARK [3][-]{subsubsection.2.2.2}{Hash Join Review}{subsection.2.2}% 6
\BOOKMARK [2][-]{subsection.2.3}{Merge Join}{section.2}% 7
\BOOKMARK [2][-]{subsection.2.4}{Hash Join}{section.2}% 8
\BOOKMARK [2][-]{subsection.2.5}{Assumptions}{section.2}% 9
\BOOKMARK [2][-]{subsection.2.6}{Constraints}{section.2}% 10
\BOOKMARK [2][-]{subsection.2.7}{Success Criteria}{section.2}% 11
\BOOKMARK [2][-]{subsection.2.8}{Time Management and Work Division}{section.2}% 12
\BOOKMARK [1][-]{section.3}{Design and Implementation}{}% 13
\BOOKMARK [2][-]{subsection.3.1}{Merge Join}{section.3}% 14
\BOOKMARK [2][-]{subsection.3.2}{Hash Join}{section.3}% 15
\BOOKMARK [1][-]{section.4}{Testing and Results}{}% 16
\BOOKMARK [1][-]{section.5}{SWAT Analysis}{}% 17
\BOOKMARK [2][-]{subsection.5.1}{Strengths}{section.5}% 18
\BOOKMARK [2][-]{subsection.5.2}{Weaknesses}{section.5}% 19
\BOOKMARK [2][-]{subsection.5.3}{Advantages}{section.5}% 20
\BOOKMARK [2][-]{subsection.5.4}{Threats}{section.5}% 21
\BOOKMARK [1][-]{section.6}{Future Improvements}{}% 22
\BOOKMARK [1][-]{section.7}{Conclusion}{}% 23
\BOOKMARK [1][-]{section*.1}{References}{}% 24
